#-----------------------------------------------------------
# Vivado v2018.3 (64-bit)
# SW Build 2405991 on Thu Dec  6 23:36:41 MST 2018
# IP Build 2404404 on Fri Dec  7 01:43:56 MST 2018
# Start of session at: Fri Apr 24 07:48:15 2020
# Process ID: 68531
# Current directory: /home/ozcan/nmcicek/deepreuse-soc-mcs-1
# Command line: vivado
# Log file: /home/ozcan/nmcicek/deepreuse-soc-mcs-1/vivado.log
# Journal file: /home/ozcan/nmcicek/deepreuse-soc-mcs-1/vivado.jou
#-----------------------------------------------------------
start_gui
create_project managed_ip_project /home/ozcan/nmcicek/managed_ip_project -part xc7vx485tffg1157-1 -ip
INFO: [IP_Flow 19-234] Refreshing IP repositories
INFO: [IP_Flow 19-1704] No user IP repositories specified
INFO: [IP_Flow 19-2313] Loaded Vivado IP repository '/home/ozcan/nmcicek/Xilinx/Vivado/2018.3/data/ip'.
create_project: Time (s): cpu = 00:00:19 ; elapsed = 00:00:15 . Memory (MB): peak = 6709.559 ; gain = 122.785 ; free physical = 27543 ; free virtual = 658801
set_property target_simulator XSim [current_project]
INFO: [IP_Flow 19-1839] IP Catalog is up to date.
set_property part xcvu9p-flga2104-2L-e [current_project]
INFO: [Device 21-403] Loading part xcvu9p-flga2104-2L-e
